2023-07-10 17:28:42,443 [INFO] Activator:179 - 


2023-07-10 17:28:42,445 [INFO] Activator:180 - !SESSION log4j initialized
2023-07-10 17:28:45,151 [ERROR] ConfigurationRetriever:140 - IOException on connection: citools.st.com
2023-07-10 17:28:45,152 [ERROR] ConfigurationRetriever:140 - IOException on connection: citools.st.com
2023-07-10 17:28:45,153 [ERROR] ConfigurationRetriever:140 - IOException on connection: citools.st.com
2023-07-10 17:29:05,751 [ERROR] LogOutputStream:74 - [STDERR_REDIRECT] SLF4J: Failed to load class "org.slf4j.impl.StaticLoggerBinder".
2023-07-10 17:29:05,751 [ERROR] LogOutputStream:74 - [STDERR_REDIRECT] SLF4J: Defaulting to no-operation (NOP) logger implementation
2023-07-10 17:29:05,753 [ERROR] LogOutputStream:74 - [STDERR_REDIRECT] SLF4J: See http://www.slf4j.org/codes.html#StaticLoggerBinder for further details.
2023-07-10 17:29:18,003 [ERROR] ConfigurationRetriever:140 - IOException on connection: citools.st.com
2023-07-10 17:29:18,004 [ERROR] ConfigurationRetriever:140 - IOException on connection: citools.st.com
2023-07-10 17:29:18,004 [ERROR] ConfigurationRetriever:140 - IOException on connection: citools.st.com
2023-07-10 17:29:19,484 [ERROR] ConfigurationRetriever:140 - IOException on connection: citools.st.com
2023-07-10 17:29:19,485 [ERROR] ConfigurationRetriever:140 - IOException on connection: citools.st.com
2023-07-10 17:29:19,487 [ERROR] ConfigurationRetriever:140 - IOException on connection: citools.st.com
2023-07-10 17:57:09,672 [ERROR] ConfigurationRetriever:140 - IOException on connection: citools.st.com
2023-07-10 17:57:09,716 [ERROR] ConfigurationRetriever:140 - IOException on connection: citools.st.com
2023-07-10 17:57:09,716 [ERROR] ConfigurationRetriever:140 - IOException on connection: citools.st.com
2023-07-10 20:49:10,282 [INFO] Activator:179 - 


2023-07-10 20:49:10,283 [INFO] Activator:180 - !SESSION log4j initialized
2023-07-10 20:49:15,375 [ERROR] ConfigurationRetriever:140 - IOException on connection: citools.st.com
2023-07-10 20:49:15,376 [ERROR] ConfigurationRetriever:140 - IOException on connection: citools.st.com
2023-07-10 20:49:15,376 [ERROR] ConfigurationRetriever:140 - IOException on connection: citools.st.com
2023-07-10 20:49:36,046 [ERROR] LogOutputStream:74 - [STDERR_REDIRECT] SLF4J: Failed to load class "org.slf4j.impl.StaticLoggerBinder".
2023-07-10 20:49:36,046 [ERROR] LogOutputStream:74 - [STDERR_REDIRECT] SLF4J: Defaulting to no-operation (NOP) logger implementation
2023-07-10 20:49:36,047 [ERROR] LogOutputStream:74 - [STDERR_REDIRECT] SLF4J: See http://www.slf4j.org/codes.html#StaticLoggerBinder for further details.
2023-07-10 21:26:13,438 [ERROR] ConfigurationRetriever:140 - IOException on connection: citools.st.com
2023-07-10 21:26:13,439 [ERROR] ConfigurationRetriever:140 - IOException on connection: citools.st.com
2023-07-10 21:26:13,439 [ERROR] ConfigurationRetriever:140 - IOException on connection: citools.st.com
2023-07-10 21:26:13,596 [ERROR] ConfigurationRetriever:140 - IOException on connection: citools.st.com
2023-07-10 21:26:13,597 [ERROR] ConfigurationRetriever:140 - IOException on connection: citools.st.com
2023-07-10 21:26:13,597 [ERROR] ConfigurationRetriever:140 - IOException on connection: citools.st.com
2023-07-11 00:16:02,910 [ERROR] ConfigurationRetriever:140 - IOException on connection: citools.st.com
2023-07-11 00:16:02,941 [ERROR] ConfigurationRetriever:140 - IOException on connection: citools.st.com
2023-07-11 00:16:02,941 [ERROR] ConfigurationRetriever:140 - IOException on connection: citools.st.com
